<?xml version="1.0" encoding="UTF-8"?>
<!-- Generated by org.testng.reporters.JUnitXMLReporter -->
<testsuite ignored="0" hostname="DESKTOP-D3NJUQ1" failures="1" tests="1" name="Test" time="10.88" errors="0" timestamp="2024-11-06T19:41:22 IST">
  <testcase classname="io.cucumber.testng.AbstractTestNGCucumberTests" name="runScenario" time="10.311">
    <failure type="java.lang.AssertionError">
      <![CDATA[java.lang.AssertionError
at org.junit.Assert.fail(Assert.java:86)
at org.junit.Assert.assertTrue(Assert.java:41)
at org.junit.Assert.assertTrue(Assert.java:52)
at StepDefinition.StepDef.page_title_should_be(StepDef.java:142)
at ✽.Page Title should be "M&ANAGER"(file:///D:/Shivam%20Download/Eclipse%20Workspace/CucumberFramework/./Features/LoginFeature.feature:11)
]]>
    </failure>
  </testcase> <!-- runScenario -->
</testsuite> <!-- Test -->
